

*******************************************************************************
Fri Apr 10 18:56:34 2020


FIT:    data read from 'salidaAumentanVectoresBruto.dat'
        format = z
        #datapoints = 20
        residuals are weighted equally (unit weight)

function used for fitting: f(x)
	f(x) = a*x**2+b*x+c
fitted parameters initialized with current variable values

iter      chisq       delta/lim  lambda   a             b             c            
   0 1.1509494103e+01   0.00e+00  1.01e-02    8.878671e-12   1.751199e-06  -1.731792e-02
   7 1.2369384540e-02  -1.25e-07  1.01e-09    4.219175e-07  -6.010018e-05   1.958244e-02

After 7 iterations the fit converged.
final sum of squares of residuals : 0.0123694
rel. change during last iteration : -1.25055e-12

degrees of freedom    (FIT_NDF)                        : 17
rms of residuals      (FIT_STDFIT) = sqrt(WSSR/ndf)    : 0.0269743
variance of residuals (reduced chisquare) = WSSR/ndf   : 0.000727611

Final set of parameters            Asymptotic Standard Error
=======================            ==========================
a               = 4.21918e-07      +/- 2.036e-08    (4.825%)
b               = -6.01002e-05     +/- 4.401e-05    (73.23%)
c               = 0.0195824        +/- 0.02007      (102.5%)

correlation matrix of the fit parameters:
                a      b      c      
a               1.000 
b              -0.971  1.000 
c               0.781 -0.889  1.000 
