

*******************************************************************************
Thu Mar 19 15:02:59 2020


FIT:    data read from "mergesort.dat" using 1:2
        format = x:z
        #datapoints = 25
        residuals are weighted equally (unit weight)

function used for fitting: NlogN(x)
	NlogN(x) = a*x*log(x) + b
fitted parameters initialized with current variable values

iter      chisq       delta/lim  lambda   a             b            
   0 3.1227676736e+09   0.00e+00  7.90e+03    1.000000e+00   1.000000e+00
   8 2.7258450841e-03  -1.43e-10  7.90e-05    1.775110e-05   1.022828e-04

After 8 iterations the fit converged.
final sum of squares of residuals : 0.00272585
rel. change during last iteration : -1.4319e-15

degrees of freedom    (FIT_NDF)                        : 23
rms of residuals      (FIT_STDFIT) = sqrt(WSSR/ndf)    : 0.0108865
variance of residuals (reduced chisquare) = WSSR/ndf   : 0.000118515

Final set of parameters            Asymptotic Standard Error
=======================            ==========================
a               = 1.77511e-05      +/- 3.749e-07    (2.112%)
b               = 0.000102283      +/- 0.00419      (4096%)

correlation matrix of the fit parameters:
                a      b      
a               1.000 
b              -0.854  1.000 


*******************************************************************************
Thu Mar 19 15:03:33 2020


FIT:    data read from "quicksort.dat" using 1:2
        format = x:z
        #datapoints = 25
        residuals are weighted equally (unit weight)

function used for fitting: NlogN(x)
	NlogN(x) = a*x*log(x) + b
fitted parameters initialized with current variable values

iter      chisq       delta/lim  lambda   a             b            
   0 3.1228191101e+09   0.00e+00  7.90e+03    1.000000e+00   1.000000e+00
   8 1.7333680068e-04  -2.03e-09  7.90e-05    9.661915e-06  -1.820330e-03

After 8 iterations the fit converged.
final sum of squares of residuals : 0.000173337
rel. change during last iteration : -2.03284e-14

degrees of freedom    (FIT_NDF)                        : 23
rms of residuals      (FIT_STDFIT) = sqrt(WSSR/ndf)    : 0.00274525
variance of residuals (reduced chisquare) = WSSR/ndf   : 7.53638e-06

Final set of parameters            Asymptotic Standard Error
=======================            ==========================
a               = 9.66191e-06      +/- 9.454e-08    (0.9785%)
b               = -0.00182033      +/- 0.001057     (58.04%)

correlation matrix of the fit parameters:
                a      b      
a               1.000 
b              -0.854  1.000 


*******************************************************************************
Thu Mar 19 15:03:39 2020


FIT:    data read from "heapsort.dat" using 1:2
        format = x:z
        #datapoints = 25
        residuals are weighted equally (unit weight)

function used for fitting: NlogN(x)
	NlogN(x) = a*x*log(x) + b
fitted parameters initialized with current variable values

iter      chisq       delta/lim  lambda   a             b            
   0 3.1228189971e+09   0.00e+00  7.90e+03    1.000000e+00   1.000000e+00
   8 2.0745953135e-04  -1.59e-09  7.90e-05    9.741253e-06  -2.621277e-03

After 8 iterations the fit converged.
final sum of squares of residuals : 0.00020746
rel. change during last iteration : -1.59396e-14

degrees of freedom    (FIT_NDF)                        : 23
rms of residuals      (FIT_STDFIT) = sqrt(WSSR/ndf)    : 0.00300333
variance of residuals (reduced chisquare) = WSSR/ndf   : 9.01998e-06

Final set of parameters            Asymptotic Standard Error
=======================            ==========================
a               = 9.74125e-06      +/- 1.034e-07    (1.062%)
b               = -0.00262128      +/- 0.001156     (44.1%)

correlation matrix of the fit parameters:
                a      b      
a               1.000 
b              -0.854  1.000 


*******************************************************************************
Thu Mar 19 15:09:10 2020


FIT:    data read from "hanoi.dat" using 1:2
        format = x:z
        #datapoints = 26
        residuals are weighted equally (unit weight)

function used for fitting: EXPOH(x)
	EXPOH(x) = a*(2**x)+b
fitted parameters initialized with current variable values



*******************************************************************************
Thu Mar 19 15:11:34 2020


FIT:    data read from "hanoi.dat" using 1:2
        format = x:z
        #datapoints = 26
        residuals are weighted equally (unit weight)

function used for fitting: EXPOH(x)
	EXPOH(x) = a*(2**x)+b
fitted parameters initialized with current variable values

iter      chisq       delta/lim  lambda   a             b            
   0 1.5372285335e+18   0.00e+00  1.72e+08    1.000000e+00   1.000000e+00
   4 2.3795222218e+01  -3.15e-01  1.72e+04    4.529774e-08   1.000000e+00

After 4 iterations the fit converged.
final sum of squares of residuals : 23.7952
rel. change during last iteration : -3.14574e-06

degrees of freedom    (FIT_NDF)                        : 24
rms of residuals      (FIT_STDFIT) = sqrt(WSSR/ndf)    : 0.995725
variance of residuals (reduced chisquare) = WSSR/ndf   : 0.991468

Final set of parameters            Asymptotic Standard Error
=======================            ==========================
a               = 4.52977e-08      +/- 8.539e-10    (1.885%)
b               = 1                +/- 0.2076       (20.76%)

correlation matrix of the fit parameters:
                a      b      
a               1.000 
b              -0.340  1.000 
