

*******************************************************************************
Fri Apr 10 14:45:57 2020


FIT:    data read from "mezcla_n50_k100_2000.dat" using 1:2
        format = x:z
        #datapoints = 20
        residuals are weighted equally (unit weight)

function used for fitting: Nlogn(x)
	Nlogn(x) = a*x*log(x)+b
fitted parameters initialized with current variable values

iter      chisq       delta/lim  lambda   a             b            
   0 1.5294568751e+09   0.00e+00  6.18e+03    1.000000e+00   1.000000e+00
   8 5.3123855444e-08  -8.94e-07  6.18e-05    8.007918e-07   4.908264e-06

After 8 iterations the fit converged.
final sum of squares of residuals : 5.31239e-08
rel. change during last iteration : -8.94038e-12

degrees of freedom    (FIT_NDF)                        : 18
rms of residuals      (FIT_STDFIT) = sqrt(WSSR/ndf)    : 5.43261e-05
variance of residuals (reduced chisquare) = WSSR/ndf   : 2.95133e-09

Final set of parameters            Asymptotic Standard Error
=======================            ==========================
a               = 8.00792e-07      +/- 2.686e-09    (0.3354%)
b               = 4.90826e-06      +/- 2.349e-05    (478.5%)

correlation matrix of the fit parameters:
                a      b      
a               1.000 
b              -0.856  1.000 
