

*******************************************************************************
Fri Apr 10 14:54:47 2020


FIT:    data read from "traspuestafuerzabruta.dat"
        format = z
        #datapoints = 15
        residuals are weighted equally (unit weight)

function used for fitting: f(x)
	f(x)=a*log(x)**x
fitted parameters initialized with current variable values

iter      chisq       delta/lim  lambda   a            
   0 7.9239469926e+31   0.00e+00  2.30e+15    1.000000e+00
   6 3.2793695972e-01   0.00e+00  2.30e+09    1.662071e-15

After 6 iterations the fit converged.
final sum of squares of residuals : 0.327937
rel. change during last iteration : 0

degrees of freedom    (FIT_NDF)                        : 14
rms of residuals      (FIT_STDFIT) = sqrt(WSSR/ndf)    : 0.153049
variance of residuals (reduced chisquare) = WSSR/ndf   : 0.0234241

Final set of parameters            Asymptotic Standard Error
=======================            ==========================
a               = 1.66207e-15      +/- 1.719e-17    (1.034%)
