

*******************************************************************************
Thu Mar 12 21:01:28 2020


FIT:    data read from "burbuja.dat" using 1:2
        format = x:z
        #datapoints = 25
        residuals are weighted equally (unit weight)

function used for fitting: CUADRADO(x)
	CUADRADO(x) = a*x*x + b*x + c
fitted parameters initialized with current variable values

iter      chisq       delta/lim  lambda   a             b             c            
   0 2.1557506014e+14   0.00e+00  1.69e+06    1.000000e+00   1.000000e+00   1.000000e+00
  10 1.7707036493e-02  -8.20e-06  1.69e-04    2.021976e-06  -8.276481e-05   1.640394e-02

After 10 iterations the fit converged.
final sum of squares of residuals : 0.017707
rel. change during last iteration : -8.19522e-11

degrees of freedom    (FIT_NDF)                        : 22
rms of residuals      (FIT_STDFIT) = sqrt(WSSR/ndf)    : 0.0283701
variance of residuals (reduced chisquare) = WSSR/ndf   : 0.000804865

Final set of parameters            Asymptotic Standard Error
=======================            ==========================
a               = 2.02198e-06      +/- 1.223e-08    (0.6048%)
b               = -8.27648e-05     +/- 3.275e-05    (39.58%)
c               = 0.0164039        +/- 0.01848      (112.7%)

correlation matrix of the fit parameters:
                a      b      c      
a               1.000 
b              -0.971  1.000 
c               0.774 -0.884  1.000 


*******************************************************************************
Thu Mar 12 21:01:46 2020


FIT:    data read from "insercion.dat" using 1:2
        format = x:z
        #datapoints = 25
        residuals are weighted equally (unit weight)

function used for fitting: CUADRADO(x)
	CUADRADO(x) = a*x*x + b*x + c
fitted parameters initialized with current variable values

iter      chisq       delta/lim  lambda   a             b             c            
   0 2.1557562151e+14   0.00e+00  1.69e+06    1.000000e+00   1.000000e+00   1.000000e+00
  10 1.1444118426e-02  -1.26e-05  1.69e-04    7.032646e-07  -5.213728e-05   2.046676e-02

After 10 iterations the fit converged.
final sum of squares of residuals : 0.0114441
rel. change during last iteration : -1.25718e-10

degrees of freedom    (FIT_NDF)                        : 22
rms of residuals      (FIT_STDFIT) = sqrt(WSSR/ndf)    : 0.0228076
variance of residuals (reduced chisquare) = WSSR/ndf   : 0.000520187

Final set of parameters            Asymptotic Standard Error
=======================            ==========================
a               = 7.03265e-07      +/- 9.831e-09    (1.398%)
b               = -5.21373e-05     +/- 2.633e-05    (50.51%)
c               = 0.0204668        +/- 0.01486      (72.59%)

correlation matrix of the fit parameters:
                a      b      c      
a               1.000 
b              -0.971  1.000 
c               0.774 -0.884  1.000 


*******************************************************************************
Thu Mar 12 21:02:02 2020


FIT:    data read from "seleccion.dat" using 1:2
        format = x:z
        #datapoints = 25
        residuals are weighted equally (unit weight)

function used for fitting: CUADRADO(x)
	CUADRADO(x) = a*x*x + b*x + c
fitted parameters initialized with current variable values

iter      chisq       delta/lim  lambda   a             b             c            
   0 2.1557533616e+14   0.00e+00  1.69e+06    1.000000e+00   1.000000e+00   1.000000e+00
  10 1.4788246460e-03  -1.02e-04  1.69e-04    1.316774e-06   5.879772e-05  -2.063320e-03

After 10 iterations the fit converged.
final sum of squares of residuals : 0.00147882
rel. change during last iteration : -1.0183e-09

degrees of freedom    (FIT_NDF)                        : 22
rms of residuals      (FIT_STDFIT) = sqrt(WSSR/ndf)    : 0.00819874
variance of residuals (reduced chisquare) = WSSR/ndf   : 6.72193e-05

Final set of parameters            Asymptotic Standard Error
=======================            ==========================
a               = 1.31677e-06      +/- 3.534e-09    (0.2684%)
b               = 5.87977e-05      +/- 9.466e-06    (16.1%)
c               = -0.00206332      +/- 0.005341     (258.8%)

correlation matrix of the fit parameters:
                a      b      c      
a               1.000 
b              -0.971  1.000 
c               0.774 -0.884  1.000 


*******************************************************************************
Thu Mar 12 21:02:09 2020


FIT:    data read from "mergesort.dat" using 1:2
        format = x:z
        #datapoints = 25
        residuals are weighted equally (unit weight)

function used for fitting: NlogN(x)
	NlogN(x) = a*x*log(x) + b*x + c
fitted parameters initialized with current variable values

iter      chisq       delta/lim  lambda   a             b             c            
   0 4.0079417365e+09   0.00e+00  6.51e+03    1.000000e+00   1.000000e+00   1.000000e+00
   8 2.7139051572e-03  -4.86e-08  6.51e-05    1.083096e-05   5.793578e-05  -3.933958e-03

After 8 iterations the fit converged.
final sum of squares of residuals : 0.00271391
rel. change during last iteration : -4.8643e-13

degrees of freedom    (FIT_NDF)                        : 22
rms of residuals      (FIT_STDFIT) = sqrt(WSSR/ndf)    : 0.0111067
variance of residuals (reduced chisquare) = WSSR/ndf   : 0.000123359

Final set of parameters            Asymptotic Standard Error
=======================            ==========================
a               = 1.0831e-05       +/- 1.005e-05    (92.8%)
b               = 5.79358e-05      +/- 8.095e-05    (139.7%)
c               = -0.00393396      +/- 0.01026      (260.8%)

correlation matrix of the fit parameters:
                a      b      c      
a               1.000 
b              -0.999  1.000 
c               0.895 -0.909  1.000 


*******************************************************************************
Thu Mar 12 21:02:16 2020


FIT:    data read from "quicksort.dat" using 1:2
        format = x:z
        #datapoints = 25
        residuals are weighted equally (unit weight)

function used for fitting: NlogN(x)
	NlogN(x) = a*x*log(x) + b*x + c
fitted parameters initialized with current variable values

iter      chisq       delta/lim  lambda   a             b             c            
   0 4.0080021499e+09   0.00e+00  6.51e+03    1.000000e+00   1.000000e+00   1.000000e+00
   8 5.3459164375e-04  -2.47e-07  6.51e-05    7.564089e-06   1.761966e-05  -2.801200e-03

After 8 iterations the fit converged.
final sum of squares of residuals : 0.000534592
rel. change during last iteration : -2.46677e-12

degrees of freedom    (FIT_NDF)                        : 22
rms of residuals      (FIT_STDFIT) = sqrt(WSSR/ndf)    : 0.00492946
variance of residuals (reduced chisquare) = WSSR/ndf   : 2.42996e-05

Final set of parameters            Asymptotic Standard Error
=======================            ==========================
a               = 7.56409e-06      +/- 4.461e-06    (58.98%)
b               = 1.76197e-05      +/- 3.593e-05    (203.9%)
c               = -0.0028012       +/- 0.004554     (162.6%)

correlation matrix of the fit parameters:
                a      b      c      
a               1.000 
b              -0.999  1.000 
c               0.895 -0.909  1.000 


*******************************************************************************
Thu Mar 12 21:02:24 2020


FIT:    data read from "heapsort.dat" using 1:2
        format = x:z
        #datapoints = 25
        residuals are weighted equally (unit weight)

function used for fitting: NlogN(x)
	NlogN(x) = a*x*log(x) + b*x + c
fitted parameters initialized with current variable values

iter      chisq       delta/lim  lambda   a             b             c            
   0 4.0080028346e+09   0.00e+00  6.51e+03    1.000000e+00   1.000000e+00   1.000000e+00
   8 2.3610616843e-04  -5.54e-07  6.51e-05    1.373134e-05  -3.198504e-05   1.496659e-03

After 8 iterations the fit converged.
final sum of squares of residuals : 0.000236106
rel. change during last iteration : -5.53578e-12

degrees of freedom    (FIT_NDF)                        : 22
rms of residuals      (FIT_STDFIT) = sqrt(WSSR/ndf)    : 0.00327599
variance of residuals (reduced chisquare) = WSSR/ndf   : 1.07321e-05

Final set of parameters            Asymptotic Standard Error
=======================            ==========================
a               = 1.37313e-05      +/- 2.965e-06    (21.59%)
b               = -3.1985e-05      +/- 2.388e-05    (74.65%)
c               = 0.00149666       +/- 0.003026     (202.2%)

correlation matrix of the fit parameters:
                a      b      c      
a               1.000 
b              -0.999  1.000 
c               0.895 -0.909  1.000 
